1725976297.464760 client started (6605): version 3.2a, socket /tmp/tmux-1000/default, protocol 8
1725976297.464774 on Linux 5.15.153.1-microsoft-standard-WSL2 #1 SMP Fri Mar 29 23:14:13 UTC 2024
1725976297.464778 using libevent 2.1.12-stable (poll); ncurses 6.3
1725976297.464785 flags are 0x18010000
1725976297.464790 socket is /tmp/tmux-1000/default
1725976297.464796 trying connect
1725976297.464804 connect failed: No such file or directory
1725976297.464808 lock file is /tmp/tmux-1000/default.lock
1725976297.464823 flock succeeded
1725976297.464825 got lock (6)
1725976297.464827 trying connect
1725976297.464830 connect failed: No such file or directory
1725976297.464933 add peer 0x556a46a493e0: 7 ((nil))
1725976297.465109 sending message 100 to peer 0x556a46a493e0 (4 bytes)
1725976297.465114 sending message 111 to peer 0x556a46a493e0 (8 bytes)
1725976297.465117 sending message 101 to peer 0x556a46a493e0 (15 bytes)
1725976297.465119 sending message 109 to peer 0x556a46a493e0 (4 bytes)
1725976297.465120 sending message 102 to peer 0x556a46a493e0 (11 bytes)
1725976297.465122 sending message 108 to peer 0x556a46a493e0 (21 bytes)
1725976297.465124 sending message 112 to peer 0x556a46a493e0 (58 bytes)
1725976297.465126 sending message 112 to peer 0x556a46a493e0 (5 bytes)
1725976297.465128 sending message 112 to peer 0x556a46a493e0 (5 bytes)
1725976297.465130 sending message 112 to peer 0x556a46a493e0 (6 bytes)
1725976297.465132 sending message 112 to peer 0x556a46a493e0 (6 bytes)
1725976297.465134 sending message 112 to peer 0x556a46a493e0 (11 bytes)
1725976297.465135 sending message 112 to peer 0x556a46a493e0 (10 bytes)
1725976297.465137 sending message 112 to peer 0x556a46a493e0 (13 bytes)
1725976297.465139 sending message 112 to peer 0x556a46a493e0 (14 bytes)
1725976297.465141 sending message 112 to peer 0x556a46a493e0 (19 bytes)
1725976297.465142 sending message 112 to peer 0x556a46a493e0 (11 bytes)
1725976297.465144 sending message 112 to peer 0x556a46a493e0 (10 bytes)
1725976297.465146 sending message 112 to peer 0x556a46a493e0 (15 bytes)
1725976297.465148 sending message 112 to peer 0x556a46a493e0 (21 bytes)
1725976297.465150 sending message 112 to peer 0x556a46a493e0 (13 bytes)
1725976297.465151 sending message 112 to peer 0x556a46a493e0 (7 bytes)
1725976297.465153 sending message 112 to peer 0x556a46a493e0 (13 bytes)
1725976297.465155 sending message 112 to peer 0x556a46a493e0 (7 bytes)
1725976297.465157 sending message 112 to peer 0x556a46a493e0 (13 bytes)
1725976297.465159 sending message 112 to peer 0x556a46a493e0 (9 bytes)
1725976297.465161 sending message 112 to peer 0x556a46a493e0 (21 bytes)
1725976297.465163 sending message 112 to peer 0x556a46a493e0 (13 bytes)
1725976297.465164 sending message 112 to peer 0x556a46a493e0 (9 bytes)
1725976297.465166 sending message 112 to peer 0x556a46a493e0 (16 bytes)
1725976297.465168 sending message 112 to peer 0x556a46a493e0 (13 bytes)
1725976297.465170 sending message 112 to peer 0x556a46a493e0 (9 bytes)
1725976297.465172 sending message 112 to peer 0x556a46a493e0 (9 bytes)
1725976297.465173 sending message 112 to peer 0x556a46a493e0 (12 bytes)
1725976297.465175 sending message 112 to peer 0x556a46a493e0 (8 bytes)
1725976297.465177 sending message 112 to peer 0x556a46a493e0 (8 bytes)
1725976297.465179 sending message 112 to peer 0x556a46a493e0 (13 bytes)
1725976297.465181 sending message 112 to peer 0x556a46a493e0 (7 bytes)
1725976297.465182 sending message 112 to peer 0x556a46a493e0 (7 bytes)
1725976297.465184 sending message 112 to peer 0x556a46a493e0 (9 bytes)
1725976297.465186 sending message 112 to peer 0x556a46a493e0 (9 bytes)
1725976297.465188 sending message 112 to peer 0x556a46a493e0 (15 bytes)
1725976297.465190 sending message 112 to peer 0x556a46a493e0 (13 bytes)
1725976297.465191 sending message 112 to peer 0x556a46a493e0 (12 bytes)
1725976297.465193 sending message 112 to peer 0x556a46a493e0 (8 bytes)
1725976297.465195 sending message 112 to peer 0x556a46a493e0 (14 bytes)
1725976297.465197 sending message 112 to peer 0x556a46a493e0 (11 bytes)
1725976297.465199 sending message 112 to peer 0x556a46a493e0 (9 bytes)
1725976297.465204 sending message 112 to peer 0x556a46a493e0 (10 bytes)
1725976297.465206 sending message 112 to peer 0x556a46a493e0 (10 bytes)
1725976297.465208 sending message 112 to peer 0x556a46a493e0 (10 bytes)
1725976297.465209 sending message 112 to peer 0x556a46a493e0 (10 bytes)
1725976297.465211 sending message 112 to peer 0x556a46a493e0 (11 bytes)
1725976297.465213 sending message 112 to peer 0x556a46a493e0 (12 bytes)
1725976297.465215 sending message 112 to peer 0x556a46a493e0 (12 bytes)
1725976297.465217 sending message 112 to peer 0x556a46a493e0 (12 bytes)
1725976297.465219 sending message 112 to peer 0x556a46a493e0 (12 bytes)
1725976297.465220 sending message 112 to peer 0x556a46a493e0 (12 bytes)
1725976297.465222 sending message 112 to peer 0x556a46a493e0 (11 bytes)
1725976297.465224 sending message 112 to peer 0x556a46a493e0 (11 bytes)
1725976297.465226 sending message 112 to peer 0x556a46a493e0 (12 bytes)
1725976297.465228 sending message 112 to peer 0x556a46a493e0 (12 bytes)
1725976297.465229 sending message 112 to peer 0x556a46a493e0 (12 bytes)
1725976297.465231 sending message 112 to peer 0x556a46a493e0 (12 bytes)
1725976297.465233 sending message 112 to peer 0x556a46a493e0 (12 bytes)
1725976297.465235 sending message 112 to peer 0x556a46a493e0 (9 bytes)
1725976297.465237 sending message 112 to peer 0x556a46a493e0 (12 bytes)
1725976297.465238 sending message 112 to peer 0x556a46a493e0 (13 bytes)
1725976297.465240 sending message 112 to peer 0x556a46a493e0 (13 bytes)
1725976297.465242 sending message 112 to peer 0x556a46a493e0 (13 bytes)
1725976297.465244 sending message 112 to peer 0x556a46a493e0 (13 bytes)
1725976297.465246 sending message 112 to peer 0x556a46a493e0 (13 bytes)
1725976297.465247 sending message 112 to peer 0x556a46a493e0 (8 bytes)
1725976297.465249 sending message 112 to peer 0x556a46a493e0 (11 bytes)
1725976297.465251 sending message 112 to peer 0x556a46a493e0 (11 bytes)
1725976297.465253 sending message 112 to peer 0x556a46a493e0 (11 bytes)
1725976297.465255 sending message 112 to peer 0x556a46a493e0 (12 bytes)
1725976297.465256 sending message 112 to peer 0x556a46a493e0 (12 bytes)
1725976297.465258 sending message 112 to peer 0x556a46a493e0 (12 bytes)
1725976297.465260 sending message 112 to peer 0x556a46a493e0 (12 bytes)
1725976297.465262 sending message 112 to peer 0x556a46a493e0 (13 bytes)
1725976297.465264 sending message 112 to peer 0x556a46a493e0 (13 bytes)
1725976297.465265 sending message 112 to peer 0x556a46a493e0 (13 bytes)
1725976297.465267 sending message 112 to peer 0x556a46a493e0 (8 bytes)
1725976297.465269 sending message 112 to peer 0x556a46a493e0 (13 bytes)
1725976297.465271 sending message 112 to peer 0x556a46a493e0 (13 bytes)
1725976297.465273 sending message 112 to peer 0x556a46a493e0 (13 bytes)
1725976297.465274 sending message 112 to peer 0x556a46a493e0 (13 bytes)
1725976297.465276 sending message 112 to peer 0x556a46a493e0 (13 bytes)
1725976297.465278 sending message 112 to peer 0x556a46a493e0 (12 bytes)
1725976297.465280 sending message 112 to peer 0x556a46a493e0 (12 bytes)
1725976297.465282 sending message 112 to peer 0x556a46a493e0 (12 bytes)
1725976297.465284 sending message 112 to peer 0x556a46a493e0 (12 bytes)
1725976297.465285 sending message 112 to peer 0x556a46a493e0 (13 bytes)
1725976297.465287 sending message 112 to peer 0x556a46a493e0 (8 bytes)
1725976297.465289 sending message 112 to peer 0x556a46a493e0 (13 bytes)
1725976297.465291 sending message 112 to peer 0x556a46a493e0 (13 bytes)
1725976297.465293 sending message 112 to peer 0x556a46a493e0 (13 bytes)
1725976297.465294 sending message 112 to peer 0x556a46a493e0 (13 bytes)
1725976297.465296 sending message 112 to peer 0x556a46a493e0 (13 bytes)
1725976297.465298 sending message 112 to peer 0x556a46a493e0 (13 bytes)
1725976297.465300 sending message 112 to peer 0x556a46a493e0 (13 bytes)
1725976297.465301 sending message 112 to peer 0x556a46a493e0 (12 bytes)
1725976297.465303 sending message 112 to peer 0x556a46a493e0 (12 bytes)
1725976297.465305 sending message 112 to peer 0x556a46a493e0 (12 bytes)
1725976297.465309 sending message 112 to peer 0x556a46a493e0 (8 bytes)
1725976297.465311 sending message 112 to peer 0x556a46a493e0 (12 bytes)
1725976297.465313 sending message 112 to peer 0x556a46a493e0 (13 bytes)
1725976297.465315 sending message 112 to peer 0x556a46a493e0 (13 bytes)
1725976297.465317 sending message 112 to peer 0x556a46a493e0 (13 bytes)
1725976297.465318 sending message 112 to peer 0x556a46a493e0 (13 bytes)
1725976297.465320 sending message 112 to peer 0x556a46a493e0 (13 bytes)
1725976297.465322 sending message 112 to peer 0x556a46a493e0 (13 bytes)
1725976297.465324 sending message 112 to peer 0x556a46a493e0 (13 bytes)
1725976297.465325 sending message 112 to peer 0x556a46a493e0 (13 bytes)
1725976297.465327 sending message 112 to peer 0x556a46a493e0 (12 bytes)
1725976297.465329 sending message 112 to peer 0x556a46a493e0 (10 bytes)
1725976297.465331 sending message 112 to peer 0x556a46a493e0 (12 bytes)
1725976297.465333 sending message 112 to peer 0x556a46a493e0 (12 bytes)
1725976297.465335 sending message 112 to peer 0x556a46a493e0 (12 bytes)
1725976297.465336 sending message 112 to peer 0x556a46a493e0 (13 bytes)
1725976297.465338 sending message 112 to peer 0x556a46a493e0 (13 bytes)
1725976297.465340 sending message 112 to peer 0x556a46a493e0 (13 bytes)
1725976297.465342 sending message 112 to peer 0x556a46a493e0 (13 bytes)
1725976297.465344 sending message 112 to peer 0x556a46a493e0 (13 bytes)
1725976297.465345 sending message 112 to peer 0x556a46a493e0 (13 bytes)
1725976297.465347 sending message 112 to peer 0x556a46a493e0 (13 bytes)
1725976297.465349 sending message 112 to peer 0x556a46a493e0 (10 bytes)
1725976297.465351 sending message 112 to peer 0x556a46a493e0 (13 bytes)
1725976297.465353 sending message 112 to peer 0x556a46a493e0 (12 bytes)
1725976297.465354 sending message 112 to peer 0x556a46a493e0 (12 bytes)
1725976297.465356 sending message 112 to peer 0x556a46a493e0 (12 bytes)
1725976297.465358 sending message 112 to peer 0x556a46a493e0 (10 bytes)
1725976297.465360 sending message 112 to peer 0x556a46a493e0 (10 bytes)
1725976297.465362 sending message 112 to peer 0x556a46a493e0 (10 bytes)
1725976297.465363 sending message 112 to peer 0x556a46a493e0 (12 bytes)
1725976297.465365 sending message 112 to peer 0x556a46a493e0 (13 bytes)
1725976297.465367 sending message 112 to peer 0x556a46a493e0 (13 bytes)
1725976297.465369 sending message 112 to peer 0x556a46a493e0 (13 bytes)
1725976297.465371 sending message 112 to peer 0x556a46a493e0 (13 bytes)
1725976297.465373 sending message 112 to peer 0x556a46a493e0 (13 bytes)
1725976297.465374 sending message 112 to peer 0x556a46a493e0 (10 bytes)
1725976297.465376 sending message 112 to peer 0x556a46a493e0 (11 bytes)
1725976297.465378 sending message 112 to peer 0x556a46a493e0 (12 bytes)
1725976297.465380 sending message 112 to peer 0x556a46a493e0 (12 bytes)
1725976297.465382 sending message 112 to peer 0x556a46a493e0 (12 bytes)
1725976297.465383 sending message 112 to peer 0x556a46a493e0 (12 bytes)
1725976297.465385 sending message 112 to peer 0x556a46a493e0 (12 bytes)
1725976297.465387 sending message 112 to peer 0x556a46a493e0 (11 bytes)
1725976297.465389 sending message 112 to peer 0x556a46a493e0 (12 bytes)
1725976297.465391 sending message 112 to peer 0x556a46a493e0 (12 bytes)
1725976297.465392 sending message 112 to peer 0x556a46a493e0 (13 bytes)
1725976297.465394 sending message 112 to peer 0x556a46a493e0 (13 bytes)
1725976297.465396 sending message 112 to peer 0x556a46a493e0 (13 bytes)
1725976297.465398 sending message 112 to peer 0x556a46a493e0 (13 bytes)
1725976297.465400 sending message 112 to peer 0x556a46a493e0 (13 bytes)
1725976297.465401 sending message 112 to peer 0x556a46a493e0 (10 bytes)
1725976297.465403 sending message 112 to peer 0x556a46a493e0 (9 bytes)
1725976297.465405 sending message 112 to peer 0x556a46a493e0 (12 bytes)
1725976297.465407 sending message 112 to peer 0x556a46a493e0 (13 bytes)
1725976297.465409 sending message 112 to peer 0x556a46a493e0 (13 bytes)
1725976297.465410 sending message 112 to peer 0x556a46a493e0 (13 bytes)
1725976297.465415 sending message 112 to peer 0x556a46a493e0 (13 bytes)
1725976297.465417 sending message 112 to peer 0x556a46a493e0 (13 bytes)
1725976297.465419 sending message 112 to peer 0x556a46a493e0 (9 bytes)
1725976297.465421 sending message 112 to peer 0x556a46a493e0 (12 bytes)
1725976297.465422 sending message 112 to peer 0x556a46a493e0 (13 bytes)
1725976297.465424 sending message 112 to peer 0x556a46a493e0 (13 bytes)
1725976297.465426 sending message 112 to peer 0x556a46a493e0 (13 bytes)
1725976297.465428 sending message 112 to peer 0x556a46a493e0 (13 bytes)
1725976297.465429 sending message 112 to peer 0x556a46a493e0 (13 bytes)
1725976297.465431 sending message 112 to peer 0x556a46a493e0 (11 bytes)
1725976297.465433 sending message 112 to peer 0x556a46a493e0 (12 bytes)
1725976297.465435 sending message 112 to peer 0x556a46a493e0 (13 bytes)
1725976297.465437 sending message 112 to peer 0x556a46a493e0 (13 bytes)
1725976297.465438 sending message 112 to peer 0x556a46a493e0 (13 bytes)
1725976297.465440 sending message 112 to peer 0x556a46a493e0 (13 bytes)
1725976297.465442 sending message 112 to peer 0x556a46a493e0 (13 bytes)
1725976297.465443 sending message 112 to peer 0x556a46a493e0 (11 bytes)
1725976297.465445 sending message 112 to peer 0x556a46a493e0 (12 bytes)
1725976297.465447 sending message 112 to peer 0x556a46a493e0 (12 bytes)
1725976297.465450 sending message 112 to peer 0x556a46a493e0 (12 bytes)
1725976297.465451 sending message 112 to peer 0x556a46a493e0 (12 bytes)
1725976297.465453 sending message 112 to peer 0x556a46a493e0 (12 bytes)
1725976297.465455 sending message 112 to peer 0x556a46a493e0 (21 bytes)
1725976297.465457 sending message 112 to peer 0x556a46a493e0 (12 bytes)
1725976297.465458 sending message 112 to peer 0x556a46a493e0 (9 bytes)
1725976297.465460 sending message 112 to peer 0x556a46a493e0 (6 bytes)
1725976297.465462 sending message 112 to peer 0x556a46a493e0 (13 bytes)
1725976297.465464 sending message 112 to peer 0x556a46a493e0 (10 bytes)
1725976297.465465 sending message 112 to peer 0x556a46a493e0 (24 bytes)
1725976297.465467 sending message 112 to peer 0x556a46a493e0 (13 bytes)
1725976297.465469 sending message 112 to peer 0x556a46a493e0 (9 bytes)
1725976297.465471 sending message 112 to peer 0x556a46a493e0 (70 bytes)
1725976297.465472 sending message 112 to peer 0x556a46a493e0 (69 bytes)
1725976297.465475 sending message 112 to peer 0x556a46a493e0 (12 bytes)
1725976297.465477 sending message 112 to peer 0x556a46a493e0 (10 bytes)
1725976297.465479 sending message 112 to peer 0x556a46a493e0 (10 bytes)
1725976297.465481 sending message 112 to peer 0x556a46a493e0 (24 bytes)
1725976297.465483 sending message 112 to peer 0x556a46a493e0 (13 bytes)
1725976297.465485 sending message 112 to peer 0x556a46a493e0 (10 bytes)
1725976297.465486 sending message 112 to peer 0x556a46a493e0 (10 bytes)
1725976297.465488 sending message 112 to peer 0x556a46a493e0 (10 bytes)
1725976297.465490 sending message 112 to peer 0x556a46a493e0 (13 bytes)
1725976297.465492 sending message 112 to peer 0x556a46a493e0 (15 bytes)
1725976297.465493 sending message 112 to peer 0x556a46a493e0 (5 bytes)
1725976297.465495 sending message 104 to peer 0x556a46a493e0 (0 bytes)
1725976297.465497 sending message 110 to peer 0x556a46a493e0 (0 bytes)
1725976297.465499 sending message 107 to peer 0x556a46a493e0 (4 bytes)
1725976297.465501 sending message 105 to peer 0x556a46a493e0 (16 bytes)
1725976297.465503 sending message 105 to peer 0x556a46a493e0 (24 bytes)
1725976297.465504 sending message 105 to peer 0x556a46a493e0 (23 bytes)
1725976297.465506 sending message 105 to peer 0x556a46a493e0 (13 bytes)
1725976297.465509 sending message 105 to peer 0x556a46a493e0 (25 bytes)
1725976297.465511 sending message 105 to peer 0x556a46a493e0 (13 bytes)
1725976297.465512 sending message 105 to peer 0x556a46a493e0 (16 bytes)
1725976297.465514 sending message 105 to peer 0x556a46a493e0 (13 bytes)
1725976297.465516 sending message 105 to peer 0x556a46a493e0 (33 bytes)
1725976297.465518 sending message 105 to peer 0x556a46a493e0 (1519 bytes)
1725976297.465527 sending message 105 to peer 0x556a46a493e0 (26 bytes)
1725976297.465529 sending message 105 to peer 0x556a46a493e0 (34 bytes)
1725976297.465531 sending message 105 to peer 0x556a46a493e0 (20 bytes)
1725976297.465532 sending message 105 to peer 0x556a46a493e0 (32 bytes)
1725976297.465534 sending message 105 to peer 0x556a46a493e0 (10 bytes)
1725976297.465536 sending message 105 to peer 0x556a46a493e0 (11 bytes)
1725976297.465538 sending message 105 to peer 0x556a46a493e0 (8 bytes)
1725976297.465540 sending message 105 to peer 0x556a46a493e0 (32 bytes)
1725976297.465542 sending message 105 to peer 0x556a46a493e0 (8 bytes)
1725976297.465543 sending message 105 to peer 0x556a46a493e0 (65 bytes)
1725976297.465545 sending message 105 to peer 0x556a46a493e0 (356 bytes)
1725976297.465547 sending message 105 to peer 0x556a46a493e0 (54 bytes)
1725976297.465549 sending message 105 to peer 0x556a46a493e0 (16 bytes)
1725976297.465551 sending message 105 to peer 0x556a46a493e0 (40 bytes)
1725976297.465552 sending message 105 to peer 0x556a46a493e0 (18 bytes)
1725976297.465554 sending message 105 to peer 0x556a46a493e0 (16 bytes)
1725976297.465556 sending message 106 to peer 0x556a46a493e0 (0 bytes)
1725976297.465559 sending message 200 to peer 0x556a46a493e0 (4 bytes)
1725976297.465561 client loop enter
1725976297.465581 client_signal: Child exited
1725976297.495400 peer 0x556a46a493e0 message 207
1725976297.495408 sending message 208 to peer 0x556a46a493e0 (0 bytes)
1725976306.395587 peer 0x556a46a493e0 message 210
1725976306.395595 sending message 205 to peer 0x556a46a493e0 (0 bytes)
1725976306.395826 peer 0x556a46a493e0 message 204
1725976306.395831 client loop exit
